<?xml version="1.0" encoding="UTF-8"?>
<!-- Generated by org.testng.reporters.JUnitReportReporter -->
<testsuite hostname="DESKTOP-BNIRTNQ" failures="0" tests="1" name="com.sauceDemo.TestPackage.TC03_TestClass_VerifyBagProductAddTOCartFunctionality" time="10.570" errors="0" timestamp="2023-01-09T19:40:06 IST" skipped="0">
  <testcase classname="com.sauceDemo.TestPackage.TC03_TestClass_VerifyBagProductAddTOCartFunctionality" name="verifyBagProductAddTOCartFunctionality" time="10.570"/>
  <system-out/>
</testsuite> <!-- com.sauceDemo.TestPackage.TC03_TestClass_VerifyBagProductAddTOCartFunctionality -->
