<?xml version="1.0" encoding="UTF-8"?>
<!-- Generated by org.testng.reporters.JUnitReportReporter -->
<testsuite hostname="DESKTOP-BNIRTNQ" failures="0" tests="1" name="com.sauceDemo.TestPackage.TC02_TestClass_VerifyLogOutFunctionality" time="10.671" errors="0" timestamp="2023-01-09T19:40:06 IST" skipped="0">
  <testcase classname="com.sauceDemo.TestPackage.TC02_TestClass_VerifyLogOutFunctionality" name="verifyLogOutFunctionality" time="10.671"/>
  <system-out/>
</testsuite> <!-- com.sauceDemo.TestPackage.TC02_TestClass_VerifyLogOutFunctionality -->
